2014/01/21 20:10:33 [error] [exception.CException] exception 'CException' with message 'CAssetManager.basePath "C:\wamp\www\brta-yii-skeleton\www\assets" is invalid. Please make sure the directory exists and is writable by the Web server process.' in C:\wamp\www\brta-yii-skeleton\framework\web\CAssetManager.php:138
Stack trace:
#0 C:\wamp\www\brta-yii-skeleton\framework\web\CAssetManager.php(123): CAssetManager->setBasePath('C:\wamp\www\brt...')
#1 C:\wamp\www\brta-yii-skeleton\framework\web\CAssetManager.php(217): CAssetManager->getBasePath()
#2 C:\wamp\www\brta-yii-skeleton\framework\web\CClientScript.php(510): CAssetManager->publish('C:\wamp\www\brt...')
#3 C:\wamp\www\brta-yii-skeleton\framework\web\CClientScript.php(547): CClientScript->getCoreScriptUrl()
#4 C:\wamp\www\brta-yii-skeleton\framework\web\CClientScript.php(348): CClientScript->getPackageBaseUrl('jquery')
#5 C:\wamp\www\brta-yii-skeleton\framework\web\CClientScript.php(208): CClientScript->renderCoreScripts()
#6 C:\wamp\www\brta-yii-skeleton\framework\web\CController.php(351): CClientScript->render('<!DOCTYPE html ...')
#7 C:\wamp\www\brta-yii-skeleton\framework\web\CController.php(788): CController->processOutput('<!DOCTYPE html ...')
#8 C:\wamp\www\brta-yii-skeleton\protected\controllers\SiteController.php(72): CController->render('contact', Array)
#9 C:\wamp\www\brta-yii-skeleton\framework\web\actions\CInlineAction.php(49): SiteController->actionContact()
#10 C:\wamp\www\brta-yii-skeleton\framework\web\CController.php(308): CInlineAction->runWithParams(Array)
#11 C:\wamp\www\brta-yii-skeleton\framework\web\CController.php(286): CController->runAction(Object(CInlineAction))
#12 C:\wamp\www\brta-yii-skeleton\framework\web\CController.php(265): CController->runActionWithFilters(Object(CInlineAction), Array)
#13 C:\wamp\www\brta-yii-skeleton\framework\web\CWebApplication.php(282): CController->run('contact')
#14 C:\wamp\www\brta-yii-skeleton\framework\web\CWebApplication.php(141): CWebApplication->runController('site/contact')
#15 C:\wamp\www\brta-yii-skeleton\framework\base\CApplication.php(180): CWebApplication->processRequest()
#16 C:\wamp\www\brta-yii-skeleton\www\index.php(13): CApplication->run()
#17 {main}
REQUEST_URI=/index.php?r=site/contact
HTTP_REFERER=http://brta-yii-skeleton.local/index.php?r=site/page&view=about
---
